<?xml version="1.0" encoding="UTF-8"?>
<!-- Generated by org.testng.reporters.JUnitReportReporter -->
<testsuite hostname="DESKTOP-P4DILQK" name="testngpackage.MyFirstTestNG" tests="2" failures="0" timestamp="15 Apr 2020 16:50:13 GMT" time="18.918" errors="0">
  <testcase name="test2" time="9.026" classname="testngpackage.MyFirstTestNG"/>
  <testcase name="test1" time="9.892" classname="testngpackage.MyFirstTestNG"/>
</testsuite> <!-- testngpackage.MyFirstTestNG -->
